[0.008s] Invoking command in '/home/user1234/ros2_ws/src/my_lidar_package/build/my_lidar_package': CMAKE_PREFIX_PATH=/opt/ros/humble /usr/bin/cmake /home/user1234/ros2_ws/src/my_lidar_package -DCMAKE_INSTALL_PREFIX=/home/user1234/ros2_ws/src/my_lidar_package/install/my_lidar_package
[0.055s] -- The C compiler identification is GNU 11.4.0
[0.104s] -- The CXX compiler identification is GNU 11.4.0
[0.110s] -- Detecting C compiler ABI info
[0.171s] -- Detecting C compiler ABI info - done
[0.177s] -- Check for working C compiler: /usr/bin/cc - skipped
[0.177s] -- Detecting C compile features
[0.178s] -- Detecting C compile features - done
[0.180s] -- Detecting CXX compiler ABI info
[0.254s] -- Detecting CXX compiler ABI info - done
[0.261s] -- Check for working CXX compiler: /usr/bin/c++ - skipped
[0.261s] -- Detecting CXX compile features
[0.262s] -- Detecting CXX compile features - done
[0.264s] -- Found ament_cmake: 1.3.10 (/opt/ros/humble/share/ament_cmake/cmake)
[0.630s] -- Found Python3: /usr/bin/python3 (found version "3.10.12") found components: Interpreter 
[0.708s] -- Found rclcpp: 16.0.10 (/opt/ros/humble/share/rclcpp/cmake)
[0.744s] -- Found rosidl_generator_c: 3.1.5 (/opt/ros/humble/share/rosidl_generator_c/cmake)
[0.748s] -- Found rosidl_adapter: 3.1.5 (/opt/ros/humble/share/rosidl_adapter/cmake)
[0.755s] -- Found rosidl_generator_cpp: 3.1.5 (/opt/ros/humble/share/rosidl_generator_cpp/cmake)
[0.766s] -- Using all available rosidl_typesupport_c: rosidl_typesupport_fastrtps_c;rosidl_typesupport_introspection_c
[0.780s] -- Using all available rosidl_typesupport_cpp: rosidl_typesupport_fastrtps_cpp;rosidl_typesupport_introspection_cpp
[0.818s] -- Found rmw_implementation_cmake: 6.1.2 (/opt/ros/humble/share/rmw_implementation_cmake/cmake)
[0.820s] -- Found rmw_fastrtps_cpp: 6.2.7 (/opt/ros/humble/share/rmw_fastrtps_cpp/cmake)
[0.895s] -- Found OpenSSL: /usr/lib/x86_64-linux-gnu/libcrypto.so (found version "3.0.2")  
[0.919s] -- Found FastRTPS: /opt/ros/humble/include  
[0.958s] -- Using RMW implementation 'rmw_fastrtps_cpp' as default
[0.968s] -- Looking for pthread.h
[1.035s] -- Looking for pthread.h - found
[1.035s] -- Performing Test CMAKE_HAVE_LIBC_PTHREAD
[1.103s] -- Performing Test CMAKE_HAVE_LIBC_PTHREAD - Success
[1.103s] -- Found Threads: TRUE  
[1.149s] -- Found sensor_msgs: 4.2.4 (/opt/ros/humble/share/sensor_msgs/cmake)
[1.178s] -- Found nav_msgs: 4.2.4 (/opt/ros/humble/share/nav_msgs/cmake)
[1.202s] -- Found ament_lint_auto: 0.12.11 (/opt/ros/humble/share/ament_lint_auto/cmake)
[1.276s] -- Added test 'cppcheck' to perform static code analysis on C / C++ code
[1.276s] -- Configured cppcheck include dirs: $<BUILD_INTERFACE:/home/user1234/ros2_ws/src/my_lidar_package/include>
[1.276s] -- Configured cppcheck exclude dirs and/or files: 
[1.278s] -- Added test 'lint_cmake' to check CMake code style
[1.283s] -- Added test 'uncrustify' to check C / C++ code style
[1.283s] -- Configured uncrustify additional arguments: 
[1.284s] -- Added test 'xmllint' to check XML markup files
[1.285s] -- Configuring done
[1.307s] -- Generating done
[1.309s] -- Build files have been written to: /home/user1234/ros2_ws/src/my_lidar_package/build/my_lidar_package
[1.318s] Invoked command in '/home/user1234/ros2_ws/src/my_lidar_package/build/my_lidar_package' returned '0': CMAKE_PREFIX_PATH=/opt/ros/humble /usr/bin/cmake /home/user1234/ros2_ws/src/my_lidar_package -DCMAKE_INSTALL_PREFIX=/home/user1234/ros2_ws/src/my_lidar_package/install/my_lidar_package
[1.320s] Invoking command in '/home/user1234/ros2_ws/src/my_lidar_package/build/my_lidar_package': CMAKE_PREFIX_PATH=/opt/ros/humble /usr/bin/cmake --build /home/user1234/ros2_ws/src/my_lidar_package/build/my_lidar_package -- -j4 -l4
[1.374s] [ 25%] [34m[1mAutomatic MOC and UIC for target lidar_display[0m
[1.709s] [ 25%] Built target lidar_display_autogen
[1.729s] [ 75%] [32mBuilding CXX object CMakeFiles/lidar_display.dir/lidar_display_autogen/mocs_compilation.cpp.o[0m
[1.729s] [ 75%] [32mBuilding CXX object CMakeFiles/lidar_display.dir/src/main.cpp.o[0m
[12.285s] [100%] [32m[1mLinking CXX executable lidar_display[0m
[13.623s] [100%] Built target lidar_display
[13.633s] Invoked command in '/home/user1234/ros2_ws/src/my_lidar_package/build/my_lidar_package' returned '0': CMAKE_PREFIX_PATH=/opt/ros/humble /usr/bin/cmake --build /home/user1234/ros2_ws/src/my_lidar_package/build/my_lidar_package -- -j4 -l4
[13.669s] Invoking command in '/home/user1234/ros2_ws/src/my_lidar_package/build/my_lidar_package': CMAKE_PREFIX_PATH=/opt/ros/humble /usr/bin/cmake --install /home/user1234/ros2_ws/src/my_lidar_package/build/my_lidar_package
[13.676s] -- Install configuration: ""
[13.676s] -- Installing: /home/user1234/ros2_ws/src/my_lidar_package/install/my_lidar_package/lib/my_lidar_package/lidar_display
[13.680s] -- Set runtime path of "/home/user1234/ros2_ws/src/my_lidar_package/install/my_lidar_package/lib/my_lidar_package/lidar_display" to ""
[13.680s] -- Installing: /home/user1234/ros2_ws/src/my_lidar_package/install/my_lidar_package/share/ament_index/resource_index/package_run_dependencies/my_lidar_package
[13.680s] -- Installing: /home/user1234/ros2_ws/src/my_lidar_package/install/my_lidar_package/share/ament_index/resource_index/parent_prefix_path/my_lidar_package
[13.680s] -- Installing: /home/user1234/ros2_ws/src/my_lidar_package/install/my_lidar_package/share/my_lidar_package/environment/ament_prefix_path.sh
[13.680s] -- Installing: /home/user1234/ros2_ws/src/my_lidar_package/install/my_lidar_package/share/my_lidar_package/environment/ament_prefix_path.dsv
[13.680s] -- Installing: /home/user1234/ros2_ws/src/my_lidar_package/install/my_lidar_package/share/my_lidar_package/environment/path.sh
[13.681s] -- Installing: /home/user1234/ros2_ws/src/my_lidar_package/install/my_lidar_package/share/my_lidar_package/environment/path.dsv
[13.681s] -- Installing: /home/user1234/ros2_ws/src/my_lidar_package/install/my_lidar_package/share/my_lidar_package/local_setup.bash
[13.681s] -- Installing: /home/user1234/ros2_ws/src/my_lidar_package/install/my_lidar_package/share/my_lidar_package/local_setup.sh
[13.681s] -- Installing: /home/user1234/ros2_ws/src/my_lidar_package/install/my_lidar_package/share/my_lidar_package/local_setup.zsh
[13.681s] -- Installing: /home/user1234/ros2_ws/src/my_lidar_package/install/my_lidar_package/share/my_lidar_package/local_setup.dsv
[13.681s] -- Installing: /home/user1234/ros2_ws/src/my_lidar_package/install/my_lidar_package/share/my_lidar_package/package.dsv
[13.682s] -- Installing: /home/user1234/ros2_ws/src/my_lidar_package/install/my_lidar_package/share/ament_index/resource_index/packages/my_lidar_package
[13.682s] -- Installing: /home/user1234/ros2_ws/src/my_lidar_package/install/my_lidar_package/share/my_lidar_package/cmake/my_lidar_packageConfig.cmake
[13.682s] -- Installing: /home/user1234/ros2_ws/src/my_lidar_package/install/my_lidar_package/share/my_lidar_package/cmake/my_lidar_packageConfig-version.cmake
[13.682s] -- Installing: /home/user1234/ros2_ws/src/my_lidar_package/install/my_lidar_package/share/my_lidar_package/package.xml
[13.684s] Invoked command in '/home/user1234/ros2_ws/src/my_lidar_package/build/my_lidar_package' returned '0': CMAKE_PREFIX_PATH=/opt/ros/humble /usr/bin/cmake --install /home/user1234/ros2_ws/src/my_lidar_package/build/my_lidar_package
