[0.100s] DEBUG:colcon:Command line arguments: ['/usr/bin/colcon', 'build']
[0.100s] DEBUG:colcon:Parsed command line arguments: Namespace(log_base=None, log_level=None, verb_name='build', build_base='build', install_base='install', merge_install=False, symlink_install=False, test_result_base=None, continue_on_error=False, executor='parallel', parallel_workers=4, event_handlers=None, ignore_user_meta=False, metas=['./colcon.meta'], base_paths=['.'], packages_ignore=None, packages_ignore_regex=None, paths=None, packages_up_to=None, packages_up_to_regex=None, packages_above=None, packages_above_and_dependencies=None, packages_above_depth=None, packages_select_by_dep=None, packages_skip_by_dep=None, packages_skip_up_to=None, packages_select_build_failed=False, packages_skip_build_finished=False, packages_select_test_failures=False, packages_skip_test_passed=False, packages_select=None, packages_skip=None, packages_select_regex=None, packages_skip_regex=None, packages_start=None, packages_end=None, allow_overriding=[], cmake_args=None, cmake_target=None, cmake_target_skip_unavailable=False, cmake_clean_cache=False, cmake_clean_first=False, cmake_force_configure=False, ament_cmake_args=None, catkin_cmake_args=None, catkin_skip_building_tests=False, mixin_files=None, mixin=None, verb_parser=<colcon_mixin.mixin.mixin_argument.MixinArgumentDecorator object at 0x767c64d4a8c0>, verb_extension=<colcon_core.verb.build.BuildVerb object at 0x767c64d4a3b0>, main=<bound method BuildVerb.main of <colcon_core.verb.build.BuildVerb object at 0x767c64d4a3b0>>, mixin_verb=('build',))
[0.152s] Level 1:colcon.colcon_core.package_discovery:discover_packages(colcon_meta) check parameters
[0.152s] Level 1:colcon.colcon_core.package_discovery:discover_packages(recursive) check parameters
[0.152s] Level 1:colcon.colcon_core.package_discovery:discover_packages(ignore) check parameters
[0.152s] Level 1:colcon.colcon_core.package_discovery:discover_packages(path) check parameters
[0.153s] Level 1:colcon.colcon_core.package_discovery:discover_packages(colcon_meta) discover
[0.153s] Level 1:colcon.colcon_core.package_discovery:discover_packages(recursive) discover
[0.153s] INFO:colcon.colcon_core.package_discovery:Crawling recursively for packages in '/home/user1234/ros2_ws/src/my_lidar_package'
[0.153s] Level 1:colcon.colcon_core.package_identification:_identify(.) by extensions ['ignore', 'ignore_ament_install']
[0.153s] Level 1:colcon.colcon_core.package_identification:_identify(.) by extension 'ignore'
[0.153s] Level 1:colcon.colcon_core.package_identification:_identify(.) by extension 'ignore_ament_install'
[0.153s] Level 1:colcon.colcon_core.package_identification:_identify(.) by extensions ['colcon_pkg']
[0.153s] Level 1:colcon.colcon_core.package_identification:_identify(.) by extension 'colcon_pkg'
[0.153s] Level 1:colcon.colcon_core.package_identification:_identify(.) by extensions ['colcon_meta']
[0.153s] Level 1:colcon.colcon_core.package_identification:_identify(.) by extension 'colcon_meta'
[0.153s] Level 1:colcon.colcon_core.package_identification:_identify(.) by extensions ['ros']
[0.153s] Level 1:colcon.colcon_core.package_identification:_identify(.) by extension 'ros'
[0.158s] DEBUG:colcon.colcon_core.package_identification:Package '.' with type 'ros.ament_cmake' and name 'my_lidar_package'
[0.159s] Level 1:colcon.colcon_core.package_discovery:discover_packages(recursive) using defaults
[0.159s] Level 1:colcon.colcon_core.package_discovery:discover_packages(ignore) discover
[0.159s] Level 1:colcon.colcon_core.package_discovery:discover_packages(ignore) using defaults
[0.159s] Level 1:colcon.colcon_core.package_discovery:discover_packages(path) discover
[0.159s] Level 1:colcon.colcon_core.package_discovery:discover_packages(path) using defaults
[0.176s] Level 1:colcon.colcon_core.package_discovery:discover_packages(prefix_path) check parameters
[0.176s] Level 1:colcon.colcon_core.package_discovery:discover_packages(prefix_path) discover
[0.178s] DEBUG:colcon.colcon_installed_package_information.package_discovery:Found 1 installed packages in /home/user1234/ros2_ws/src/my_lidar_package/install
[0.179s] DEBUG:colcon.colcon_installed_package_information.package_discovery:Found 384 installed packages in /opt/ros/humble
[0.181s] Level 1:colcon.colcon_core.package_discovery:discover_packages(prefix_path) using defaults
[0.225s] Level 5:colcon.colcon_core.verb:set package 'my_lidar_package' build argument 'cmake_args' from command line to 'None'
[0.225s] Level 5:colcon.colcon_core.verb:set package 'my_lidar_package' build argument 'cmake_target' from command line to 'None'
[0.225s] Level 5:colcon.colcon_core.verb:set package 'my_lidar_package' build argument 'cmake_target_skip_unavailable' from command line to 'False'
[0.225s] Level 5:colcon.colcon_core.verb:set package 'my_lidar_package' build argument 'cmake_clean_cache' from command line to 'False'
[0.225s] Level 5:colcon.colcon_core.verb:set package 'my_lidar_package' build argument 'cmake_clean_first' from command line to 'False'
[0.225s] Level 5:colcon.colcon_core.verb:set package 'my_lidar_package' build argument 'cmake_force_configure' from command line to 'False'
[0.225s] Level 5:colcon.colcon_core.verb:set package 'my_lidar_package' build argument 'ament_cmake_args' from command line to 'None'
[0.225s] Level 5:colcon.colcon_core.verb:set package 'my_lidar_package' build argument 'catkin_cmake_args' from command line to 'None'
[0.226s] Level 5:colcon.colcon_core.verb:set package 'my_lidar_package' build argument 'catkin_skip_building_tests' from command line to 'False'
[0.226s] DEBUG:colcon.colcon_core.verb:Building package 'my_lidar_package' with the following arguments: {'ament_cmake_args': None, 'build_base': '/home/user1234/ros2_ws/src/my_lidar_package/build/my_lidar_package', 'catkin_cmake_args': None, 'catkin_skip_building_tests': False, 'cmake_args': None, 'cmake_clean_cache': False, 'cmake_clean_first': False, 'cmake_force_configure': False, 'cmake_target': None, 'cmake_target_skip_unavailable': False, 'install_base': '/home/user1234/ros2_ws/src/my_lidar_package/install/my_lidar_package', 'merge_install': False, 'path': '/home/user1234/ros2_ws/src/my_lidar_package', 'symlink_install': False, 'test_result_base': None}
[0.226s] INFO:colcon.colcon_core.executor:Executing jobs using 'parallel' executor
[0.227s] DEBUG:colcon.colcon_parallel_executor.executor.parallel:run_until_complete
[0.227s] INFO:colcon.colcon_ros.task.ament_cmake.build:Building ROS package in '/home/user1234/ros2_ws/src/my_lidar_package' with build type 'ament_cmake'
[0.227s] INFO:colcon.colcon_cmake.task.cmake.build:Building CMake package in '/home/user1234/ros2_ws/src/my_lidar_package'
[0.229s] INFO:colcon.colcon_core.plugin_system:Skipping extension 'colcon_core.shell.bat': Not used on non-Windows systems
[0.229s] INFO:colcon.colcon_core.shell:Skip shell extension 'powershell' for command environment: Not usable outside of PowerShell
[0.229s] DEBUG:colcon.colcon_core.shell:Skip shell extension 'dsv' for command environment
[0.237s] DEBUG:colcon.colcon_core.event_handler.log_command:Invoking command in '/home/user1234/ros2_ws/src/my_lidar_package/build/my_lidar_package': CMAKE_PREFIX_PATH=${CMAKE_PREFIX_PATH}:/opt/ros/humble /usr/bin/cmake --build /home/user1234/ros2_ws/src/my_lidar_package/build/my_lidar_package -- -j4 -l4
[12.374s] DEBUG:colcon.colcon_core.event_handler.log_command:Invoked command in '/home/user1234/ros2_ws/src/my_lidar_package/build/my_lidar_package' returned '0': CMAKE_PREFIX_PATH=${CMAKE_PREFIX_PATH}:/opt/ros/humble /usr/bin/cmake --build /home/user1234/ros2_ws/src/my_lidar_package/build/my_lidar_package -- -j4 -l4
[12.407s] DEBUG:colcon.colcon_core.event_handler.log_command:Invoking command in '/home/user1234/ros2_ws/src/my_lidar_package/build/my_lidar_package': CMAKE_PREFIX_PATH=${CMAKE_PREFIX_PATH}:/opt/ros/humble /usr/bin/cmake --install /home/user1234/ros2_ws/src/my_lidar_package/build/my_lidar_package
[12.420s] Level 1:colcon.colcon_core.environment:create_environment_scripts_only(my_lidar_package)
[12.421s] DEBUG:colcon.colcon_core.event_handler.log_command:Invoked command in '/home/user1234/ros2_ws/src/my_lidar_package/build/my_lidar_package' returned '0': CMAKE_PREFIX_PATH=${CMAKE_PREFIX_PATH}:/opt/ros/humble /usr/bin/cmake --install /home/user1234/ros2_ws/src/my_lidar_package/build/my_lidar_package
[12.422s] Level 1:colcon.colcon_core.environment:checking '/home/user1234/ros2_ws/src/my_lidar_package/install/my_lidar_package' for CMake module files
[12.423s] Level 1:colcon.colcon_core.environment:checking '/home/user1234/ros2_ws/src/my_lidar_package/install/my_lidar_package' for CMake config files
[12.423s] Level 1:colcon.colcon_core.shell:create_environment_hook('my_lidar_package', 'cmake_prefix_path')
[12.423s] INFO:colcon.colcon_core.shell:Creating environment hook '/home/user1234/ros2_ws/src/my_lidar_package/install/my_lidar_package/share/my_lidar_package/hook/cmake_prefix_path.ps1'
[12.424s] INFO:colcon.colcon_core.shell:Creating environment descriptor '/home/user1234/ros2_ws/src/my_lidar_package/install/my_lidar_package/share/my_lidar_package/hook/cmake_prefix_path.dsv'
[12.424s] INFO:colcon.colcon_core.shell:Creating environment hook '/home/user1234/ros2_ws/src/my_lidar_package/install/my_lidar_package/share/my_lidar_package/hook/cmake_prefix_path.sh'
[12.425s] Level 1:colcon.colcon_core.environment:checking '/home/user1234/ros2_ws/src/my_lidar_package/install/my_lidar_package/lib'
[12.425s] Level 1:colcon.colcon_core.environment:checking '/home/user1234/ros2_ws/src/my_lidar_package/install/my_lidar_package/bin'
[12.425s] Level 1:colcon.colcon_core.environment:checking '/home/user1234/ros2_ws/src/my_lidar_package/install/my_lidar_package/lib/pkgconfig/my_lidar_package.pc'
[12.425s] Level 1:colcon.colcon_core.environment:checking '/home/user1234/ros2_ws/src/my_lidar_package/install/my_lidar_package/lib/python3.10/site-packages'
[12.425s] Level 1:colcon.colcon_core.environment:checking '/home/user1234/ros2_ws/src/my_lidar_package/install/my_lidar_package/bin'
[12.426s] INFO:colcon.colcon_core.shell:Creating package script '/home/user1234/ros2_ws/src/my_lidar_package/install/my_lidar_package/share/my_lidar_package/package.ps1'
[12.426s] INFO:colcon.colcon_core.shell:Creating package descriptor '/home/user1234/ros2_ws/src/my_lidar_package/install/my_lidar_package/share/my_lidar_package/package.dsv'
[12.427s] INFO:colcon.colcon_core.shell:Creating package script '/home/user1234/ros2_ws/src/my_lidar_package/install/my_lidar_package/share/my_lidar_package/package.sh'
[12.427s] INFO:colcon.colcon_core.shell:Creating package script '/home/user1234/ros2_ws/src/my_lidar_package/install/my_lidar_package/share/my_lidar_package/package.bash'
[12.428s] INFO:colcon.colcon_core.shell:Creating package script '/home/user1234/ros2_ws/src/my_lidar_package/install/my_lidar_package/share/my_lidar_package/package.zsh'
[12.428s] Level 1:colcon.colcon_core.environment:create_file_with_runtime_dependencies(/home/user1234/ros2_ws/src/my_lidar_package/install/my_lidar_package/share/colcon-core/packages/my_lidar_package)
[12.453s] Level 1:colcon.colcon_core.environment:create_environment_scripts_only(my_lidar_package)
[12.453s] Level 1:colcon.colcon_core.environment:checking '/home/user1234/ros2_ws/src/my_lidar_package/install/my_lidar_package' for CMake module files
[12.453s] Level 1:colcon.colcon_core.environment:checking '/home/user1234/ros2_ws/src/my_lidar_package/install/my_lidar_package' for CMake config files
[12.454s] Level 1:colcon.colcon_core.shell:create_environment_hook('my_lidar_package', 'cmake_prefix_path')
[12.454s] INFO:colcon.colcon_core.shell:Creating environment hook '/home/user1234/ros2_ws/src/my_lidar_package/install/my_lidar_package/share/my_lidar_package/hook/cmake_prefix_path.ps1'
[12.454s] INFO:colcon.colcon_core.shell:Creating environment descriptor '/home/user1234/ros2_ws/src/my_lidar_package/install/my_lidar_package/share/my_lidar_package/hook/cmake_prefix_path.dsv'
[12.454s] INFO:colcon.colcon_core.shell:Creating environment hook '/home/user1234/ros2_ws/src/my_lidar_package/install/my_lidar_package/share/my_lidar_package/hook/cmake_prefix_path.sh'
[12.455s] Level 1:colcon.colcon_core.environment:checking '/home/user1234/ros2_ws/src/my_lidar_package/install/my_lidar_package/lib'
[12.455s] Level 1:colcon.colcon_core.environment:checking '/home/user1234/ros2_ws/src/my_lidar_package/install/my_lidar_package/bin'
[12.455s] Level 1:colcon.colcon_core.environment:checking '/home/user1234/ros2_ws/src/my_lidar_package/install/my_lidar_package/lib/pkgconfig/my_lidar_package.pc'
[12.455s] Level 1:colcon.colcon_core.environment:checking '/home/user1234/ros2_ws/src/my_lidar_package/install/my_lidar_package/lib/python3.10/site-packages'
[12.455s] Level 1:colcon.colcon_core.environment:checking '/home/user1234/ros2_ws/src/my_lidar_package/install/my_lidar_package/bin'
[12.455s] INFO:colcon.colcon_core.shell:Creating package script '/home/user1234/ros2_ws/src/my_lidar_package/install/my_lidar_package/share/my_lidar_package/package.ps1'
[12.456s] INFO:colcon.colcon_core.shell:Creating package descriptor '/home/user1234/ros2_ws/src/my_lidar_package/install/my_lidar_package/share/my_lidar_package/package.dsv'
[12.456s] INFO:colcon.colcon_core.shell:Creating package script '/home/user1234/ros2_ws/src/my_lidar_package/install/my_lidar_package/share/my_lidar_package/package.sh'
[12.456s] INFO:colcon.colcon_core.shell:Creating package script '/home/user1234/ros2_ws/src/my_lidar_package/install/my_lidar_package/share/my_lidar_package/package.bash'
[12.457s] INFO:colcon.colcon_core.shell:Creating package script '/home/user1234/ros2_ws/src/my_lidar_package/install/my_lidar_package/share/my_lidar_package/package.zsh'
[12.457s] Level 1:colcon.colcon_core.environment:create_file_with_runtime_dependencies(/home/user1234/ros2_ws/src/my_lidar_package/install/my_lidar_package/share/colcon-core/packages/my_lidar_package)
[12.457s] DEBUG:colcon.colcon_parallel_executor.executor.parallel:closing loop
[12.458s] DEBUG:colcon.colcon_parallel_executor.executor.parallel:loop closed
[12.458s] DEBUG:colcon.colcon_parallel_executor.executor.parallel:run_until_complete finished with '0'
[12.458s] DEBUG:colcon.colcon_core.event_reactor:joining thread
[12.463s] INFO:colcon.colcon_core.plugin_system:Skipping extension 'colcon_notification.desktop_notification.terminal_notifier': Not used on non-Darwin systems
[12.463s] INFO:colcon.colcon_core.plugin_system:Skipping extension 'colcon_notification.desktop_notification.win32': Not used on non-Windows systems
[12.463s] INFO:colcon.colcon_notification.desktop_notification:Sending desktop notification using 'notify2'
[12.471s] DEBUG:colcon.colcon_core.event_reactor:joined thread
[12.472s] INFO:colcon.colcon_core.shell:Creating prefix script '/home/user1234/ros2_ws/src/my_lidar_package/install/local_setup.ps1'
[12.472s] INFO:colcon.colcon_core.shell:Creating prefix util module '/home/user1234/ros2_ws/src/my_lidar_package/install/_local_setup_util_ps1.py'
[12.473s] INFO:colcon.colcon_core.shell:Creating prefix chain script '/home/user1234/ros2_ws/src/my_lidar_package/install/setup.ps1'
[12.474s] INFO:colcon.colcon_core.shell:Creating prefix script '/home/user1234/ros2_ws/src/my_lidar_package/install/local_setup.sh'
[12.475s] INFO:colcon.colcon_core.shell:Creating prefix util module '/home/user1234/ros2_ws/src/my_lidar_package/install/_local_setup_util_sh.py'
[12.475s] INFO:colcon.colcon_core.shell:Creating prefix chain script '/home/user1234/ros2_ws/src/my_lidar_package/install/setup.sh'
[12.476s] INFO:colcon.colcon_core.shell:Creating prefix script '/home/user1234/ros2_ws/src/my_lidar_package/install/local_setup.bash'
[12.476s] INFO:colcon.colcon_core.shell:Creating prefix chain script '/home/user1234/ros2_ws/src/my_lidar_package/install/setup.bash'
[12.477s] INFO:colcon.colcon_core.shell:Creating prefix script '/home/user1234/ros2_ws/src/my_lidar_package/install/local_setup.zsh'
[12.477s] INFO:colcon.colcon_core.shell:Creating prefix chain script '/home/user1234/ros2_ws/src/my_lidar_package/install/setup.zsh'
