[ 25%] [34m[1mAutomatic MOC and UIC for target lidar_display[0m
[ 25%] Built target lidar_display_autogen
[35m[1mConsolidate compiler generated dependencies of target lidar_display[0m
[ 50%] [32mBuilding CXX object CMakeFiles/lidar_display.dir/src/main.cpp.o[0m
[ 75%] [32m[1mLinking CXX executable lidar_display[0m
[100%] Built target lidar_display
-- Install configuration: ""
-- Installing: /home/user1234/ros2_ws/src/my_lidar_package/install/my_lidar_package/lib/my_lidar_package/lidar_display
-- Set runtime path of "/home/user1234/ros2_ws/src/my_lidar_package/install/my_lidar_package/lib/my_lidar_package/lidar_display" to ""
-- Up-to-date: /home/user1234/ros2_ws/src/my_lidar_package/install/my_lidar_package/share/ament_index/resource_index/package_run_dependencies/my_lidar_package
-- Up-to-date: /home/user1234/ros2_ws/src/my_lidar_package/install/my_lidar_package/share/ament_index/resource_index/parent_prefix_path/my_lidar_package
-- Up-to-date: /home/user1234/ros2_ws/src/my_lidar_package/install/my_lidar_package/share/my_lidar_package/environment/ament_prefix_path.sh
-- Up-to-date: /home/user1234/ros2_ws/src/my_lidar_package/install/my_lidar_package/share/my_lidar_package/environment/ament_prefix_path.dsv
-- Up-to-date: /home/user1234/ros2_ws/src/my_lidar_package/install/my_lidar_package/share/my_lidar_package/environment/path.sh
-- Up-to-date: /home/user1234/ros2_ws/src/my_lidar_package/install/my_lidar_package/share/my_lidar_package/environment/path.dsv
-- Up-to-date: /home/user1234/ros2_ws/src/my_lidar_package/install/my_lidar_package/share/my_lidar_package/local_setup.bash
-- Up-to-date: /home/user1234/ros2_ws/src/my_lidar_package/install/my_lidar_package/share/my_lidar_package/local_setup.sh
-- Up-to-date: /home/user1234/ros2_ws/src/my_lidar_package/install/my_lidar_package/share/my_lidar_package/local_setup.zsh
-- Up-to-date: /home/user1234/ros2_ws/src/my_lidar_package/install/my_lidar_package/share/my_lidar_package/local_setup.dsv
-- Installing: /home/user1234/ros2_ws/src/my_lidar_package/install/my_lidar_package/share/my_lidar_package/package.dsv
-- Up-to-date: /home/user1234/ros2_ws/src/my_lidar_package/install/my_lidar_package/share/ament_index/resource_index/packages/my_lidar_package
-- Up-to-date: /home/user1234/ros2_ws/src/my_lidar_package/install/my_lidar_package/share/my_lidar_package/cmake/my_lidar_packageConfig.cmake
-- Up-to-date: /home/user1234/ros2_ws/src/my_lidar_package/install/my_lidar_package/share/my_lidar_package/cmake/my_lidar_packageConfig-version.cmake
-- Up-to-date: /home/user1234/ros2_ws/src/my_lidar_package/install/my_lidar_package/share/my_lidar_package/package.xml
